#
# There is insufficient memory for the Java Runtime Environment to continue.
# Native memory allocation (malloc) failed to allocate 1048576 bytes for AllocateHeap
# Possible reasons:
#   The system is out of physical RAM or swap space
#   In 32 bit mode, the process size limit was hit
# Possible solutions:
#   Reduce memory load on the system
#   Increase physical memory or swap space
#   Check if swap backing store is full
#   Use 64 bit Java on a 64 bit OS
#   Decrease Java heap size (-Xmx/-Xms)
#   Decrease number of Java threads
#   Decrease Java thread stack sizes (-Xss)
#   Set larger code cache with -XX:ReservedCodeCacheSize=
# This output file may be truncated or incomplete.
#
#  Out of Memory Error (memory/allocation.inline.hpp:61), pid=23232, tid=0x00000000000044f0
#
# JRE version:  (8.0_112-b15) (build )
# Java VM: Java HotSpot(TM) 64-Bit Server VM (25.112-b15 mixed mode windows-amd64 compressed oops)
# Failed to write core dump. Minidumps are not enabled by default on client versions of Windows
#

---------------  T H R E A D  ---------------

Current thread (0x0000000002c00800):  JavaThread "Unknown thread" [_thread_in_vm, id=17648, stack(0x0000000002b00000,0x0000000002c00000)]

Stack: [0x0000000002b00000,0x0000000002c00000]
[error occurred during error reporting (printing stack bounds), id 0xc0000005]

Native frames: (J=compiled Java code, j=interpreted, Vv=VM code, C=native code)


---------------  P R O C E S S  ---------------

Java Threads: ( => current thread )

Other Threads:

=>0x0000000002c00800 (exited) JavaThread "Unknown thread" [_thread_in_vm, id=17648, stack(0x0000000002b00000,0x0000000002c00000)]

VM state:not at safepoint (normal execution)

VM Mutex/Monitor currently owned by a thread: None

Heap:
 PSYoungGen      total 37888K, used 655K [0x00000000d6100000, 0x00000000d8b00000, 0x0000000100000000)
  eden space 32768K, 2% used [0x00000000d6100000,0x00000000d61a3d80,0x00000000d8100000)
  from space 5120K, 0% used [0x00000000d8600000,0x00000000d8600000,0x00000000d8b00000)
  to   space 5120K, 0% used [0x00000000d8100000,0x00000000d8100000,0x00000000d8600000)
 ParOldGen       total 86016K, used 0K [0x0000000082200000, 0x0000000087600000, 0x00000000d6100000)
  object space 86016K, 0% used [0x0000000082200000,0x0000000082200000,0x0000000087600000)
 Metaspace       used 770K, capacity 4480K, committed 4480K, reserved 1056768K
  class space    used 75K, capacity 384K, committed 384K, reserved 1048576K

Card table byte_map: [0x00000000120c0000,0x00000000124b0000] byte_map_base: 0x0000000011caf000

Marking Bits: (ParMarkBitMap*) 0x0000000061cba6d0
 Begin Bits: [0x0000000012b50000, 0x0000000014ac8000)
 End Bits:   [0x0000000014ac8000, 0x0000000016a40000)

Polling page: 0x0000000002950000

CodeCache: size=245760Kb used=328Kb max_used=328Kb free=245431Kb
 bounds [0x0000000002d00000, 0x0000000002f70000, 0x0000000011d00000]
 total_blobs=58 nmethods=0 adapters=38
 compilation: enabled

Compilation events (0 events):
No events

GC Heap History (0 events):
No events

Deoptimization events (0 events):
No events

Internal exceptions (0 events):
No events

Events (10 events):
Event: 0.041 loading class java/lang/Short
Event: 0.041 loading class java/lang/Short done
Event: 0.041 loading class java/lang/Integer
Event: 0.041 loading class java/lang/Integer done
Event: 0.041 loading class java/lang/Long
Event: 0.041 loading class java/lang/Long done
Event: 0.042 loading class java/lang/NullPointerException
Event: 0.042 loading class java/lang/NullPointerException done
Event: 0.042 loading class java/lang/ArithmeticException
Event: 0.042 loading class java/lang/ArithmeticException done


Dynamic libraries:
0x00007ff72f290000 - 0x00007ff72f2c7000 	C:\Program Files\Java\jdk1.8.0_112\jre\bin\java.exe
0x00007ffdd2e30000 - 0x00007ffdd3025000 	C:\Windows\SYSTEM32\ntdll.dll
0x00007ffdd0e70000 - 0x00007ffdd0f2e000 	C:\Windows\System32\KERNEL32.DLL
0x00007ffdd07d0000 - 0x00007ffdd0a98000 	C:\Windows\System32\KERNELBASE.dll
0x00007ffdd1f10000 - 0x00007ffdd1fbc000 	C:\Windows\System32\ADVAPI32.dll
0x00007ffdd2550000 - 0x00007ffdd25ee000 	C:\Windows\System32\msvcrt.dll
0x00007ffdd2920000 - 0x00007ffdd29bb000 	C:\Windows\System32\sechost.dll
0x00007ffdd26e0000 - 0x00007ffdd280a000 	C:\Windows\System32\RPCRT4.dll
0x00007ffdd2020000 - 0x00007ffdd21c1000 	C:\Windows\System32\USER32.dll
0x00007ffdd0e40000 - 0x00007ffdd0e62000 	C:\Windows\System32\win32u.dll
0x00007ffdd1790000 - 0x00007ffdd17bb000 	C:\Windows\System32\GDI32.dll
0x00007ffdd0540000 - 0x00007ffdd064d000 	C:\Windows\System32\gdi32full.dll
0x00007ffdd0650000 - 0x00007ffdd06ed000 	C:\Windows\System32\msvcp_win.dll
0x00007ffdd0d40000 - 0x00007ffdd0e40000 	C:\Windows\System32\ucrtbase.dll
0x00007ffdbd5e0000 - 0x00007ffdbd87a000 	C:\Windows\WinSxS\amd64_microsoft.windows.common-controls_6595b64144ccf1df_6.0.19041.1110_none_60b5254171f9507e\COMCTL32.dll
0x00007ffdd2db0000 - 0x00007ffdd2de0000 	C:\Windows\System32\IMM32.DLL
0x00000000613c0000 - 0x0000000061492000 	C:\Program Files\Java\jdk1.8.0_112\jre\bin\msvcr100.dll
0x00000000614a0000 - 0x0000000061d3a000 	C:\Program Files\Java\jdk1.8.0_112\jre\bin\server\jvm.dll
0x00007ffdd2de0000 - 0x00007ffdd2de8000 	C:\Windows\System32\PSAPI.DLL
0x00007ffdba560000 - 0x00007ffdba569000 	C:\Windows\SYSTEM32\WSOCK32.dll
0x00007ffdd2670000 - 0x00007ffdd26db000 	C:\Windows\System32\WS2_32.dll
0x00007ffdbb850000 - 0x00007ffdbb877000 	C:\Windows\SYSTEM32\WINMM.dll
0x00007ffdc8460000 - 0x00007ffdc846a000 	C:\Windows\SYSTEM32\VERSION.dll
0x0000000061370000 - 0x000000006137f000 	C:\Program Files\Java\jdk1.8.0_112\jre\bin\verify.dll
0x0000000061340000 - 0x0000000061369000 	C:\Program Files\Java\jdk1.8.0_112\jre\bin\java.dll
0x0000000061320000 - 0x0000000061336000 	C:\Program Files\Java\jdk1.8.0_112\jre\bin\zip.dll

VM Arguments:
jvm_args: -Dfile.encoding=UTF-8 
java_command: D:\ITI\Java\Lab\07\1Task\ClientSideChatGUIOne\dist\run959022884\ClientSideChatGUIOne.jar
java_class_path (initial): D:\ITI\Java\Lab\07\1Task\ClientSideChatGUIOne\dist\run959022884\ClientSideChatGUIOne.jar
Launcher Type: SUN_STANDARD

Environment Variables:
PATH=C:\Program Files\Java\jdk1.8.0_112\bin;C:\Program Files (x86)\VMware\VMware Workstation\bin\;C:\Program Files\Common Files\Oracle\Java\javapath;C:\Program Files (x86)\Common Files\Oracle\Java\javapath;C:\Windows\system32;C:\Windows;C:\Windows\System32\Wbem;C:\Windows\System32\WindowsPowerShell\v1.0\;C:\Windows\System32\OpenSSH\;C:\Program Files (x86)\QT Lite\QTSystem;C:\Program Files (x86)\Intel\Intel(R) Management Engine Components\DAL;C:\Program Files\Intel\Intel(R) Management Engine Components\DAL;C:\Program Files\Git\cmd;C:\TDM-GCC-64\bin;C:\Program Files\MySQL\MySQL Shell 8.0\bin\;C:\Users\METRO\AppData\Local\Programs\Python\Python39\Scripts\;C:\Users\METRO\AppData\Local\Programs\Python\Python39\;C:\Users\METRO\AppData\Local\Microsoft\WindowsApps;C:\Users\METRO\AppData\Local\GitHubDesktop\bin;C:\Users\METRO\AppData\Local\Programs\Microsoft VS Code\bin
USERNAME=METRO
OS=Windows_NT
PROCESSOR_IDENTIFIER=Intel64 Family 6 Model 142 Stepping 9, GenuineIntel



---------------  S Y S T E M  ---------------

OS: Windows 10.0 , 64 bit Build 19041 (10.0.19041.1348)

CPU:total 4 (2 cores per cpu, 2 threads per core) family 6 model 142 stepping 9, cmov, cx8, fxsr, mmx, sse, sse2, sse3, ssse3, sse4.1, sse4.2, popcnt, avx, avx2, aes, clmul, erms, 3dnowpref, lzcnt, ht, tsc, tscinvbit, bmi1, bmi2, adx

Memory: 4k page, physical 8249220k(388268k free), swap 21481096k(6172k free)

vm_info: Java HotSpot(TM) 64-Bit Server VM (25.112-b15) for windows-amd64 JRE (1.8.0_112-b15), built on Sep 22 2016 21:31:56 by "java_re" with MS VC++ 10.0 (VS2010)

time: Sat Dec 25 19:51:04 2021
elapsed time: 0 seconds (0d 0h 0m 0s)

